mail() on [/home/baisandb/public_html/codestardev.com/sendmail.php:58]: To: you@yoursite.com -- Headers: 
mail() on [/home/baisandb/public_html/codestardev.com/sendmail.php:65]: To: julie@codestardev.com -- Headers: From: kriziamelendez@outlook.com
mail() on [/home/baisandb/public_html/codestardev.com/sendmail.php:58]: To: you@yoursite.com -- Headers: 
mail() on [/home/baisandb/public_html/codestardev.com/sendmail.php:65]: To: julie@codestardev.com -- Headers: From: w@1stpageplan.com
mail() on [/home/baisandb/public_html/codestardev.com/sendmail.php:65]: To: julie@codestardev.com -- Headers: From: avxiostjcr@gmail.com
mail() on [/home/baisandb/public_html/codestardev.com/sendmail.php:65]: To: julie@codestardev.com -- Headers: From: avxiostjcr@gmail.com
mail() on [/home/baisandb/public_html/codestardev.com/sendmail.php:65]: To: julie@codestardev.com -- Headers: From: avxiostjcr@gmail.com
mail() on [/home/baisandb/public_html/codestardev.com/sendmail.php:65]: To: julie@codestardev.com -- Headers: From: avxiostjcr@gmail.com
mail() on [/home/baisandb/public_html/codestardev.com/sendmail.php:65]: To: julie@codestardev.com -- Headers: From: avxiostjcr@gmail.com
mail() on [/home/baisandb/public_html/codestardev.com/sendmail.php:65]: To: julie@codestardev.com -- Headers: From: avxiostjcr@gmail.com
mail() on [/home/baisandb/public_html/codestardev.com/sendmail.php:65]: To: julie@codestardev.com -- Headers: From: jfcrjvtkmfg@gmail.com
mail() on [/home/baisandb/public_html/codestardev.com/sendmail.php:65]: To: julie@codestardev.com -- Headers: From: rzvzxv@gmail.com
mail() on [/home/baisandb/public_html/codestardev.com/sendmail.php:65]: To: julie@codestardev.com -- Headers: From: icizuaju@fsfsdf.org
mail() on [/home/baisandb/public_html/codestardev.com/sendmail.php:65]: To: julie@codestardev.com -- Headers: From: apauikuru@mailadadad.org
mail() on [/home/baisandb/public_html/codestardev.com/sendmail.php:65]: To: julie@codestardev.com -- Headers: From: eqobigurr@emailll.org
mail() on [/home/baisandb/public_html/codestardev.com/sendmail.php:65]: To: julie@codestardev.com -- Headers: From: alufec@mailfnmng.org
mail() on [/home/baisandb/public_html/codestardev.com/sendmail.php:65]: To: julie@codestardev.com -- Headers: From: idaqem@emailrtg.org
mail() on [/home/baisandb/public_html/codestardev.com/sendmail.php:65]: To: julie@codestardev.com -- Headers: From: azexiq@mailadadad.org
mail() on [/home/baisandb/public_html/codestardev.com/sendmail.php:65]: To: julie@codestardev.com -- Headers: From: ebeheik@fsfsdf.org
mail() on [/home/baisandb/public_html/codestardev.com/sendmail.php:65]: To: julie@codestardev.com -- Headers: From: oujadoe@emailll.org
mail() on [/home/baisandb/public_html/codestardev.com/sendmail.php:65]: To: julie@codestardev.com -- Headers: From: acovehom@mailfnmng.org
mail() on [/home/baisandb/public_html/codestardev.com/sendmail.php:65]: To: julie@codestardev.com -- Headers: From: apiewlu@emailrtg.org
mail() on [/home/baisandb/public_html/codestardev.com/sendmail.php:65]: To: julie@codestardev.com -- Headers: From: danikaleffel86@hotmail.com
mail() on [/home/baisandb/public_html/codestardev.com/sendmail.php:65]: To: julie@codestardev.com -- Headers: From: danikaleffel86@hotmail.com
mail() on [/home/baisandb/public_html/codestardev.com/sendmail.php:65]: To: julie@codestardev.com -- Headers: From: qyqhtjafhm@gmail.com
mail() on [/home/baisandb/public_html/codestardev.com/sendmail.php:58]: To: you@yoursite.com -- Headers: 
mail() on [/home/baisandb/public_html/codestardev.com/sendmail.php:65]: To: julie@codestardev.com -- Headers: From: wikingwisdom66@comcast.net
